<?xml version="1.0" encoding="UTF-8"?>
<testsuite xmlns:xsi="http://www.w3.org/2001/XMLSchema-instance" xsi:noNamespaceSchemaLocation="https://maven.apache.org/surefire/maven-surefire-plugin/xsd/surefire-test-report.xsd" version="3.0.2" name="com.divyan.porcoms_backend.PorcomsBackendApplicationTests" time="4.644" tests="1" errors="0" skipped="0" failures="0">
  <properties>
[...]
</properties>
  <testcase name="contextLoads" classname="com.divyan.porcoms_backend.PorcomsBackendApplicationTests" time="1.229">
    <system-out><![CDATA[00:12:43.418 [main] INFO org.springframework.test.context.support.AnnotationConfigContextLoaderUtils -- Could not detect default configuration classes for test class [com.divyan.porcoms_backend.PorcomsBackendApplicationTests]: PorcomsBackendApplicationTests does not declare any static, non-private, non-final, nested classes annotated with @Configuration.
00:12:43.619 [main] INFO org.springframework.boot.test.context.SpringBootTestContextBootstrapper -- Found @SpringBootConfiguration com.divyan.porcoms_backend.PorcomsBackendApplication for test class com.divyan.porcoms_backend.PorcomsBackendApplicationTests
00:12:43.870 [main] INFO org.springframework.boot.devtools.restart.RestartApplicationListener -- Restart disabled due to context in which it is running

  .   ____          _            __ _ _
 /\\ / ___'_ __ _ _(_)_ __  __ _ \ \ \ \
( ( )\___ | '_ | '_| | '_ \/ _` | \ \ \ \
 \\/  ___)| |_)| | | | | || (_| |  ) ) ) )
  '  |____| .__|_| |_|_| |_\__, | / / / /
 =========|_|==============|___/=/_/_/_/

 :: Spring Boot ::                (v3.4.5)

2025-05-01T00:12:44.415+05:30  INFO 13016 --- [porcoms_backend] [           main] c.d.p.PorcomsBackendApplicationTests     : Starting PorcomsBackendApplicationTests using Java 23 with PID 13016 (started by DIVYAN_TM in D:\porcoms_backend)
2025-05-01T00:12:44.417+05:30  INFO 13016 --- [porcoms_backend] [           main] c.d.p.PorcomsBackendApplicationTests     : No active profile set, falling back to 1 default profile: "default"
2025-05-01T00:12:46.568+05:30  INFO 13016 --- [porcoms_backend] [           main] c.d.p.PorcomsBackendApplicationTests     : Started PorcomsBackendApplicationTests in 2.723 seconds (process running for 4.182)
]]></system-out>
    <system-err><![CDATA[Mockito is currently self-attaching to enable the inline-mock-maker. This will no longer work in future releases of the JDK. Please add Mockito as an agent to your build what is described in Mockito's documentation: https://javadoc.io/doc/org.mockito/mockito-core/latest/org/mockito/Mockito.html#0.3
WARNING: A Java agent has been loaded dynamically (C:\Users\91701\.m2\repository\net\bytebuddy\byte-buddy-agent\1.15.11\byte-buddy-agent-1.15.11.jar)
WARNING: If a serviceability tool is in use, please run with -XX:+EnableDynamicAgentLoading to hide this warning
WARNING: If a serviceability tool is not in use, please run with -Djdk.instrument.traceUsage for more information
WARNING: Dynamic loading of agents will be disallowed by default in a future release
]]></system-err>
  </testcase>
</testsuite>